<?xml version="1.0" encoding="UTF-8"?>
<!-- Generated by org.testng.reporters.JUnitReportReporter -->
<testsuite skipped="0" hostname="DESKTOP-F0NG1DC" name="functionalTests.testsByBrian.tests.Cart_Operations" tests="2" failures="0" timestamp="2022-07-19T02:37:19 EAT" time="19.456" errors="0">
  <testcase name="teardown" time="11.193" classname="functionalTests.testsByBrian.tests.Cart_Operations"/>
  <system-out/>
  <testcase name="Add_1_product" time="8.263" classname="functionalTests.testsByBrian.tests.Cart_Operations"/>
  <system-out/>
</testsuite> <!-- functionalTests.testsByBrian.tests.Cart_Operations -->
